0 info it worked if it ends with ok
1 verbose cli [ '/Users/mattgraham/github/atom/apm/node_modules/atom-package-manager/bin/node',
1 verbose cli   '/Users/mattgraham/github/atom/apm/node_modules/atom-package-manager/node_modules/npm/bin/npm-cli.js',
1 verbose cli   '--userconfig',
1 verbose cli   '/Users/mattgraham/github/atom/apm/node_modules/atom-package-manager/.apmrc',
1 verbose cli   'install',
1 verbose cli   '--target=0.11.10',
1 verbose cli   '--arch=x64' ]
2 info using npm@1.4.4
3 info using node@v0.10.26
4 error install Couldn't read dependencies
5 error Error: Invalid name: "Glacier Syntax Theme"
5 error     at ensureValidName (/Users/mattgraham/github/atom/apm/node_modules/atom-package-manager/node_modules/npm/node_modules/read-package-json/node_modules/normalize-package-data/lib/fixer.js:302:15)
5 error     at Object.module.exports.fixNameField (/Users/mattgraham/github/atom/apm/node_modules/atom-package-manager/node_modules/npm/node_modules/read-package-json/node_modules/normalize-package-data/lib/fixer.js:206:5)
5 error     at /Users/mattgraham/github/atom/apm/node_modules/atom-package-manager/node_modules/npm/node_modules/read-package-json/node_modules/normalize-package-data/lib/normalize.js:29:38
5 error     at Array.forEach (native)
5 error     at normalize (/Users/mattgraham/github/atom/apm/node_modules/atom-package-manager/node_modules/npm/node_modules/read-package-json/node_modules/normalize-package-data/lib/normalize.js:28:15)
5 error     at final (/Users/mattgraham/github/atom/apm/node_modules/atom-package-manager/node_modules/npm/node_modules/read-package-json/read-json.js:328:33)
5 error     at then (/Users/mattgraham/github/atom/apm/node_modules/atom-package-manager/node_modules/npm/node_modules/read-package-json/read-json.js:126:33)
5 error     at /Users/mattgraham/github/atom/apm/node_modules/atom-package-manager/node_modules/npm/node_modules/read-package-json/read-json.js:252:40
5 error     at fs.js:266:14
5 error     at /Users/mattgraham/github/atom/apm/node_modules/atom-package-manager/node_modules/npm/node_modules/graceful-fs/graceful-fs.js:105:5
6 error If you need help, you may report this *entire* log,
6 error including the npm and node versions, at:
6 error     <http://github.com/npm/npm/issues>
7 error System Darwin 13.1.0
8 error command "/Users/mattgraham/github/atom/apm/node_modules/atom-package-manager/bin/node" "/Users/mattgraham/github/atom/apm/node_modules/atom-package-manager/node_modules/npm/bin/npm-cli.js" "--userconfig" "/Users/mattgraham/github/atom/apm/node_modules/atom-package-manager/.apmrc" "install" "--target=0.11.10" "--arch=x64"
9 error cwd /Users/mattgraham/.atom/packages/glacier-ui
10 error node -v v0.10.26
11 error npm -v 1.4.4
12 verbose exit [ 1, true ]
